<?xml version="1.0" encoding="UTF-8"?>
<!-- Generated by org.testng.reporters.JUnitReportReporter -->
<testsuite hostname="DESKTOP-VJ1QKA2" failures="0" tests="1" name="sampleTestTwo" time="0.020" errors="0" timestamp="2023-01-28T22:20:19 IST" skipped="0">
  <testcase classname="sampleTestTwo" name="test3" time="0.020"/>
  <system-out/>
</testsuite> <!-- sampleTestTwo -->
