<?xml version="1.0" encoding="UTF-8"?>
<!-- Generated by org.testng.reporters.JUnitReportReporter -->
<testsuite hostname="DESKTOP-VJ1QKA2" failures="0" tests="1" name="parameterPassing" time="0.049" errors="0" timestamp="2023-01-29T18:33:07 IST" skipped="0">
  <testcase classname="parameterPassing" name="sampletest" time="0.049"/>
  <system-out/>
</testsuite> <!-- parameterPassing -->
