<?xml version="1.0" encoding="UTF-8"?>
<!-- Generated by org.testng.reporters.JUnitReportReporter -->
<testsuite hostname="DESKTOP-TUAS121" failures="0" tests="3" name="sampleTest" time="0.065" errors="0" timestamp="2023-03-12T19:18:02 IST" skipped="0">
  <testcase classname="sampleTest" name="test1" time="0.013"/>
  <system-out/>
  <testcase classname="sampleTest" name="test2" time="0.044"/>
  <system-out/>
  <testcase classname="sampleTest" name="test3" time="0.008"/>
  <system-out/>
</testsuite> <!-- sampleTest -->
