<?xml version="1.0" encoding="UTF-8"?>
<!-- Generated by org.testng.reporters.JUnitReportReporter -->
<testsuite hostname="DESKTOP-TUAS121" failures="0" tests="1" name="ts3" time="0.166" errors="0" timestamp="2023-03-12T19:31:48 IST" skipped="0">
  <testcase classname="ts3" name="test" time="0.166"/>
  <system-out/>
</testsuite> <!-- ts3 -->
