<?xml version="1.0" encoding="UTF-8"?>
<!-- Generated by org.testng.reporters.JUnitReportReporter -->
<testsuite hostname="DESKTOP-TUAS121" failures="0" tests="3" name="tc1" time="0.077" errors="0" timestamp="2023-03-12T19:18:02 IST" skipped="0">
  <testcase classname="tc1" name="script3" time="0.021"/>
  <system-out/>
  <testcase classname="tc1" name="script2" time="0.015"/>
  <system-out/>
  <testcase classname="tc1" name="script1" time="0.041"/>
  <system-out/>
</testsuite> <!-- tc1 -->
