<?xml version="1.0" encoding="UTF-8"?>
<!-- Generated by org.testng.reporters.JUnitReportReporter -->
<testsuite hostname="DESKTOP-TUAS121" failures="0" tests="4" name="tc2" time="0.131" errors="0" timestamp="2023-03-12T19:33:33 IST" skipped="0">
  <testcase classname="tc2" name="script2" time="0.020"/>
  <system-out/>
  <testcase classname="tc2" name="test" time="0.025"/>
  <system-out/>
  <testcase classname="tc2" name="script3" time="0.019"/>
  <system-out/>
  <testcase classname="tc2" name="script1" time="0.067"/>
  <system-out/>
</testsuite> <!-- tc2 -->
