<?xml version="1.0" encoding="UTF-8"?>
<!-- Generated by org.testng.reporters.JUnitReportReporter -->
<testsuite hostname="DESKTOP-TUAS121" failures="0" tests="3" name="sampleTwoTest" time="0.038" errors="0" timestamp="2023-03-12T11:44:53 IST" skipped="0">
  <testcase classname="sampleTwoTest" name="test1" time="0.006"/>
  <system-out/>
  <testcase classname="sampleTwoTest" name="test2" time="0.023"/>
  <system-out/>
  <testcase classname="sampleTwoTest" name="test3" time="0.009"/>
  <system-out/>
</testsuite> <!-- sampleTwoTest -->
